<?xml version="1.0" encoding="UTF-8"?>
<!-- Generated by org.testng.reporters.JUnitReportReporter -->
<testsuite hostname="Home" name="Demo.ScreenshotForFailedTestCase" tests="1" failures="0" timestamp="28 May 2016 02:36:13 GMT" time="5.348" errors="0">
  <testcase name="verifyTitle" time="5.348" classname="Demo.ScreenshotForFailedTestCase"/>
</testsuite> <!-- Demo.ScreenshotForFailedTestCase -->
