<?xml version="1.0" encoding="UTF-8"?>
<!-- Generated by org.testng.reporters.JUnitReportReporter -->
<testsuite hostname="Home" name="CrossBrowserTesting.DifferentBrowser" tests="1" failures="0" timestamp="26 May 2016 02:42:23 GMT" time="11.763" errors="0">
  <testcase name="browser" time="11.763" classname="CrossBrowserTesting.DifferentBrowser"/>
</testsuite> <!-- CrossBrowserTesting.DifferentBrowser -->
