<?xml version="1.0" encoding="UTF-8"?>
<!-- Generated by org.testng.reporters.JUnitReportReporter -->
<testsuite hostname="Home" name="Demo.ProfilesDemo" tests="1" failures="0" timestamp="28 May 2016 02:15:46 GMT" time="0.473" errors="0">
  <testcase name="start" time="0.473" classname="Demo.ProfilesDemo"/>
</testsuite> <!-- Demo.ProfilesDemo -->
