<?xml version="1.0" encoding="UTF-8"?>
<!-- Generated by org.testng.reporters.JUnitReportReporter -->
<testsuite hostname="Home" name="Demo.VerifyTitle" tests="1" failures="0" timestamp="27 May 2016 01:56:28 GMT" time="0.784" errors="0">
  <testcase name="verifyTitle" time="0.784" classname="Demo.VerifyTitle"/>
</testsuite> <!-- Demo.VerifyTitle -->
